Using pre-set license
Built from '2020.3/staging' branch; Version is '2020.3.4f1 (0abb6314276a) revision 703331'; Using compiler version '192528614'; Build Type 'Release'
OS: 'Windows 10 Home; OS build 19042.928; Version 2009; 64bit' Language: 'sv' Physical Memory: 16169 MB
BatchMode: 1, IsHumanControllingUs: 0, StartBugReporterOnCrash: 0, Is64bit: 1, IsPro: 0

 COMMAND LINE ARGUMENTS:
C:\Program Files\Unity\Hub\Editor\2020.3.4f1\Editor\Unity.exe
-adb2
-batchMode
-noUpm
-name
AssetImportWorker0
-projectPath
C:/Users/Anton/source/repos/DV1508LevelEditor/Gr채nssnitt - Level Editor
-logFile
Logs/AssetImportWorker0.log
-srvPort
54785
Successfully changed project path to: C:/Users/Anton/source/repos/DV1508LevelEditor/Gr채nssnitt - Level Editor
C:/Users/Anton/source/repos/DV1508LevelEditor/Gr채nssnitt - Level Editor
Using Asset Import Pipeline V2.
Refreshing native plugins compatible for Editor in 37.05 ms, found 0 plugins.
Preloading 0 native plugins for Editor in 0.00 ms.
Initialize engine version: 2020.3.4f1 (0abb6314276a)
[Subsystems] Discovering subsystems at path C:/Program Files/Unity/Hub/Editor/2020.3.4f1/Editor/Data/Resources/UnitySubsystems
[Subsystems] Discovering subsystems at path C:/Users/Anton/source/repos/DV1508LevelEditor/Gr채nssnitt - Level Editor/Assets
GfxDevice: creating device client; threaded=0
Direct3D:
    Version:  Direct3D 11.0 [level 11.1]
    Renderer: NVIDIA GeForce RTX 2060 (ID=0x1f15)
    Vendor:   
    VRAM:     5980 MB
    Driver:   27.21.14.6140
Initialize mono
Mono path[0] = 'C:/Program Files/Unity/Hub/Editor/2020.3.4f1/Editor/Data/Managed'
Mono path[1] = 'C:/Program Files/Unity/Hub/Editor/2020.3.4f1/Editor/Data/MonoBleedingEdge/lib/mono/unityjit'
Mono config path = 'C:/Program Files/Unity/Hub/Editor/2020.3.4f1/Editor/Data/MonoBleedingEdge/etc'
Using monoOptions --debugger-agent=transport=dt_socket,embedding=1,server=y,suspend=n,address=127.0.0.1:56052
Begin MonoManager ReloadAssembly
Registering precompiled unity dll's ...
Register platform support module: C:/Program Files/Unity/Hub/Editor/2020.3.4f1/Editor/Data/PlaybackEngines/WebGLSupport/UnityEditor.WebGL.Extensions.dll
Register platform support module: C:/Program Files/Unity/Hub/Editor/2020.3.4f1/Editor/Data/PlaybackEngines/MacStandaloneSupport/UnityEditor.OSXStandalone.Extensions.dll
Register platform support module: C:/Program Files/Unity/Hub/Editor/2020.3.4f1/Editor/Data/PlaybackEngines/WindowsStandaloneSupport/UnityEditor.WindowsStandalone.Extensions.dll
Register platform support module: C:/Program Files/Unity/Hub/Editor/2020.3.4f1/Editor/Data/PlaybackEngines/LinuxStandaloneSupport/UnityEditor.LinuxStandalone.Extensions.dll
Register platform support module: C:/Program Files/Unity/Hub/Editor/2020.3.4f1/Editor/Data/PlaybackEngines/LuminSupport/UnityEditor.Lumin.Extensions.dll
Registered in 0.003362 seconds.
Native extension for Lumin target not found
Native extension for LinuxStandalone target not found
Native extension for WindowsStandalone target not found
Native extension for OSXStandalone target not found
Native extension for WebGL target not found
Refreshing native plugins compatible for Editor in 21.39 ms, found 0 plugins.
Preloading 0 native plugins for Editor in 0.00 ms.
Mono: successfully reloaded assembly
- Completed reload, in  1.765 seconds
Platform modules already initialized, skipping
Registering precompiled user dll's ...
Registered in 0.000547 seconds.
Begin MonoManager ReloadAssembly
Native extension for Lumin target not found
Native extension for LinuxStandalone target not found
Native extension for WindowsStandalone target not found
Native extension for OSXStandalone target not found
Native extension for WebGL target not found
Refreshing native plugins compatible for Editor in 0.19 ms, found 0 plugins.
Preloading 0 native plugins for Editor in 0.00 ms.
Mono: successfully reloaded assembly
- Completed reload, in  0.785 seconds
Platform modules already initialized, skipping
========================================================================
Worker process is ready to serve import requests
Launched and connected shader compiler UnityShaderCompiler.exe after 0.04 seconds
Refreshing native plugins compatible for Editor in 0.19 ms, found 0 plugins.
Preloading 0 native plugins for Editor in 0.00 ms.
Unloading 1115 Unused Serialized files (Serialized files now loaded: 0)
System memory in use before: 57.1 MB.
System memory in use after: 57.1 MB.

Unloading 10 unused Assets to reduce memory usage. Loaded Objects now: 1557.
Total: 1.800500 ms (FindLiveObjects: 0.217100 ms CreateObjectMapping: 0.073200 ms MarkObjects: 1.429800 ms  DeleteObjects: 0.079100 ms)

========================================================================
Received Import Request.
  path: Assets/Scenes
  artifactKey: Guid(e95ba4714c84cdf44973194e89aa5701) Importer(815301076,1909f56bfc062723c751e8b465ee728b)
Start importing Assets/Scenes using Guid(e95ba4714c84cdf44973194e89aa5701) Importer(815301076,1909f56bfc062723c751e8b465ee728b)  -> (artifact id: '5d4e048ee3e37075cdd3213e241c9977') in 0.007747 seconds
  Import took 0.010037 seconds .

========================================================================
Received Import Request.
  Time since last request: 6.722410 seconds.
  path: Assets/Scenes/Antons.unity
  artifactKey: Guid(a90a2871a6d9c7348a8128c91172a1f7) Importer(815301076,1909f56bfc062723c751e8b465ee728b)
Start importing Assets/Scenes/Antons.unity using Guid(a90a2871a6d9c7348a8128c91172a1f7) Importer(815301076,1909f56bfc062723c751e8b465ee728b)  -> (artifact id: '9ec1cfb6bd729ab79df73db5866838f8') in 0.015814 seconds
  Import took 0.018824 seconds .

========================================================================
Received Import Request.
  Time since last request: 0.000543 seconds.
  path: Assets/Scenes/Antons.unity
  artifactKey: Guid(a90a2871a6d9c7348a8128c91172a1f7) Importer(815301076,1909f56bfc062723c751e8b465ee728b)
Start importing Assets/Scenes/Antons.unity using Guid(a90a2871a6d9c7348a8128c91172a1f7) Importer(815301076,1909f56bfc062723c751e8b465ee728b)  -> (artifact id: '9ec1cfb6bd729ab79df73db5866838f8') in 0.002536 seconds
  Import took 0.004887 seconds .

========================================================================
Received Import Request.
  Time since last request: 6.529834 seconds.
  path: Assets/Scenes/Elins.unity
  artifactKey: Guid(33c0ce75b69e2fe43a7b43c30053da55) Importer(815301076,1909f56bfc062723c751e8b465ee728b)
Start importing Assets/Scenes/Elins.unity using Guid(33c0ce75b69e2fe43a7b43c30053da55) Importer(815301076,1909f56bfc062723c751e8b465ee728b)  -> (artifact id: 'edc42034e6ba216feb3e8eaf4d5f4bfc') in 0.008450 seconds
  Import took 0.011292 seconds .

========================================================================
Received Import Request.
  Time since last request: 8.187613 seconds.
  path: Assets/Scenes/Vendelas.unity
  artifactKey: Guid(ae713d32c2f96e54e9236fcf4f72b5d7) Importer(815301076,1909f56bfc062723c751e8b465ee728b)
Start importing Assets/Scenes/Vendelas.unity using Guid(ae713d32c2f96e54e9236fcf4f72b5d7) Importer(815301076,1909f56bfc062723c751e8b465ee728b)  -> (artifact id: '4f9f92992a7cf9f0b8e234f852cd6b73') in 0.030647 seconds
  Import took 0.063456 seconds .

========================================================================
Received Import Request.
  Time since last request: 8.525732 seconds.
  path: Assets/Scenes/Nathane.unity
  artifactKey: Guid(c8dadb6b16707f3439dc4a360b4bfb16) Importer(815301076,1909f56bfc062723c751e8b465ee728b)
Start importing Assets/Scenes/Nathane.unity using Guid(c8dadb6b16707f3439dc4a360b4bfb16) Importer(815301076,1909f56bfc062723c751e8b465ee728b)  -> (artifact id: '7f09a56396311c8dee54a54f8090ce32') in 0.007864 seconds
  Import took 0.010203 seconds .

========================================================================
Received Import Request.
  Time since last request: 7.642243 seconds.
  path: Assets/Scenes/Nathanel.unity
  artifactKey: Guid(c8dadb6b16707f3439dc4a360b4bfb16) Importer(815301076,1909f56bfc062723c751e8b465ee728b)
Start importing Assets/Scenes/Nathanel.unity using Guid(c8dadb6b16707f3439dc4a360b4bfb16) Importer(815301076,1909f56bfc062723c751e8b465ee728b)  -> (artifact id: '154c3096a2378fb09b3cc7307c1f3efb') in 0.009483 seconds
  Import took 0.012303 seconds .

========================================================================
Received Import Request.
  Time since last request: 5.132813 seconds.
  path: Assets/Scenes/Nathanael.unity
  artifactKey: Guid(c8dadb6b16707f3439dc4a360b4bfb16) Importer(815301076,1909f56bfc062723c751e8b465ee728b)
Start importing Assets/Scenes/Nathanael.unity using Guid(c8dadb6b16707f3439dc4a360b4bfb16) Importer(815301076,1909f56bfc062723c751e8b465ee728b)  -> (artifact id: 'c1c0cabfbca4ded74c662ae138904b8a') in 0.006209 seconds
  Import took 0.008408 seconds .

========================================================================
Received Import Request.
  Time since last request: 6.960817 seconds.
  path: Assets/Scenes/Linus.unity
  artifactKey: Guid(aad2c6eef058cea4c9f8221c6fa35f5d) Importer(815301076,1909f56bfc062723c751e8b465ee728b)
Start importing Assets/Scenes/Linus.unity using Guid(aad2c6eef058cea4c9f8221c6fa35f5d) Importer(815301076,1909f56bfc062723c751e8b465ee728b)  -> (artifact id: 'c03c8c33cd97854dc30e93eefb74fc2e') in 0.008275 seconds
  Import took 0.010172 seconds .

========================================================================
Received Import Request.
  Time since last request: 2.367096 seconds.
  path: Assets/Scenes/SampleScene.unity
  artifactKey: Guid(9fc0d4010bbf28b4594072e72b8655ab) Importer(815301076,1909f56bfc062723c751e8b465ee728b)
Start importing Assets/Scenes/SampleScene.unity using Guid(9fc0d4010bbf28b4594072e72b8655ab) Importer(815301076,1909f56bfc062723c751e8b465ee728b)  -> (artifact id: 'a0dd8c018c451bceae1e1302a1531463') in 0.006638 seconds
  Import took 0.008548 seconds .

========================================================================
Received Import Request.
  Time since last request: 7.048796 seconds.
  path: Assets/Scenes/Master.unity
  artifactKey: Guid(9fc0d4010bbf28b4594072e72b8655ab) Importer(815301076,1909f56bfc062723c751e8b465ee728b)
Start importing Assets/Scenes/Master.unity using Guid(9fc0d4010bbf28b4594072e72b8655ab) Importer(815301076,1909f56bfc062723c751e8b465ee728b)  -> (artifact id: 'da81b18f60e7b022a9c727f69244d0fc') in 0.006889 seconds
  Import took 0.009990 seconds .

AssetImportWorkerClient::OnTransportError - code=2 error=End of file
